Build started 10.02.2013 17:49:48.
     1>Project "C:\Users\Stals\Dropbox\Programming\BigProjects\C++\Workds-workingTitle\db_generator\db_generator\db_generator.vcxproj" on node 2 (build target(s)).
     1>InitializeBuildStatus:
         Creating "Release\db_generator.unsuccessfulbuild" because "AlwaysCreate" was specified.
       ClCompile:
         All outputs are up-to-date.
         C:\Program Files (x86)\Microsoft Visual Studio 10.0\VC\bin\CL.exe /c /Zi /nologo /W3 /WX- /O2 /Oi /Oy- /GL /D WIN32 /D NDEBUG /D _CONSOLE /D _UNICODE /D UNICODE /Gm- /EHsc /MD /GS /Gy /fp:precise /Zc:wchar_t /Zc:forScope /Fo"Release\\" /Fd"Release\vc100.pdb" /Gd /TP /analyze- /errorReport:prompt main.cpp
         main.cpp
     1>main.cpp(80): warning C4018: '<' : signed/unsigned mismatch
     1>main.cpp(90): warning C4996: 'sprintf': This function or variable may be unsafe. Consider using sprintf_s instead. To disable deprecation, use _CRT_SECURE_NO_WARNINGS. See online help for details.
                 C:\Program Files (x86)\Microsoft Visual Studio 10.0\VC\include\stdio.h(371) : see declaration of 'sprintf'
         All outputs are up-to-date.
       Link:
         C:\Program Files (x86)\Microsoft Visual Studio 10.0\VC\bin\link.exe /ERRORREPORT:PROMPT /OUT:"C:\Users\Stals\Dropbox\Programming\BigProjects\C++\Workds-workingTitle\db_generator\Release\db_generator.exe" /INCREMENTAL:NO /NOLOGO kernel32.lib user32.lib gdi32.lib winspool.lib comdlg32.lib advapi32.lib shell32.lib ole32.lib oleaut32.lib uuid.lib odbc32.lib odbccp32.lib /MANIFEST /ManifestFile:"Release\db_generator.exe.intermediate.manifest" /MANIFESTUAC:"level='asInvoker' uiAccess='false'" /DEBUG /PDB:"C:\Users\Stals\Dropbox\Programming\BigProjects\C++\Workds-workingTitle\db_generator\Release\db_generator.pdb" /SUBSYSTEM:CONSOLE /OPT:REF /OPT:ICF /LTCG /TLBID:1 /DYNAMICBASE /NXCOMPAT /IMPLIB:"C:\Users\Stals\Dropbox\Programming\BigProjects\C++\Workds-workingTitle\db_generator\Release\db_generator.lib" /MACHINE:X86 Release\main.obj
         Release\stdafx.obj
         Release\sqlite3.obj
         Release\word.obj
         Generating code
         Finished generating code
         db_generator.vcxproj -> C:\Users\Stals\Dropbox\Programming\BigProjects\C++\Workds-workingTitle\db_generator\Release\db_generator.exe
       Manifest:
         C:\Program Files (x86)\Microsoft SDKs\Windows\v7.0A\bin\mt.exe /nologo /verbose /outputresource:"C:\Users\Stals\Dropbox\Programming\BigProjects\C++\Workds-workingTitle\db_generator\Release\db_generator.exe;#1" /manifest Release\db_generator.exe.intermediate.manifest
       FinalizeBuildStatus:
         Deleting file "Release\db_generator.unsuccessfulbuild".
         Touching "Release\db_generator.lastbuildstate".
     1>Done Building Project "C:\Users\Stals\Dropbox\Programming\BigProjects\C++\Workds-workingTitle\db_generator\db_generator\db_generator.vcxproj" (build target(s)).

Build succeeded.

Time Elapsed 00:01:01.66
