Build started 23.02.2013 15:47:17.
     1>Project "C:\Users\Stals\Dropbox\Programming\BigProjects\C++\Workds-workingTitle\Words-cocos2dx\Words\Words\proj.win32\Words.win32.vcxproj" on node 2 (build target(s)).
     1>InitializeBuildStatus:
         Creating "Debug.win32\Words.win32.unsuccessfulbuild" because "AlwaysCreate" was specified.
       ClCompile:
         All outputs are up-to-date.
         C:\Program Files (x86)\Microsoft Visual Studio 10.0\VC\bin\CL.exe /c /I. /I..\Classes /I"C:\Users\Stals\Desktop\cocos2d-2.0-x-2.0.4\cocos2dx" /I"C:\Users\Stals\Desktop\cocos2d-2.0-x-2.0.4\cocos2dx\include" /I"C:\Users\Stals\Desktop\cocos2d-2.0-x-2.0.4\cocos2dx\kazmath\include" /I"C:\Users\Stals\Desktop\cocos2d-2.0-x-2.0.4\cocos2dx\platform\win32" /I"C:\Users\Stals\Desktop\cocos2d-2.0-x-2.0.4\cocos2dx\platform\third_party\win32" /I"C:\Users\Stals\Desktop\cocos2d-2.0-x-2.0.4\cocos2dx\platform\third_party\win32\OGLES" /I"C:\Users\Stals\Desktop\cocos2d-2.0-x-2.0.4\CocosDenshion\include" /ZI /nologo /W3 /WX- /Od /Oy- /D WIN32 /D _WINDOWS /D STRICT /D _CRT_SECURE_NO_WARNINGS /D _SCL_SECURE_NO_WARNINGS_DEBUG /D COCOS2D_DEBUG=1 /D _UNICODE /D UNICODE /Gm /EHsc /RTC1 /MDd /GS /fp:precise /Zc:wchar_t /Zc:forScope /Fo"Debug.win32\\" /Fd"Debug.win32\vc100.pdb" /Gd /TP /wd4267 /wd4251 /wd4244 /analyze- /errorReport:prompt creditsLayer.cpp
         creditsLayer.cpp
     1>c:\users\stals\dropbox\programming\bigprojects\c++\workds-workingtitle\words-cocos2dx\words\words\proj.win32\creditslayer.cpp(42): warning C4996: 'cocos2d::CCSprite::spriteWithFile': was declared deprecated
                 c:\users\stals\desktop\cocos2d-2.0-x-2.0.4\cocos2dx\sprite_nodes\ccsprite.h(180) : see declaration of 'cocos2d::CCSprite::spriteWithFile'
     1>c:\users\stals\dropbox\programming\bigprojects\c++\workds-workingtitle\words-cocos2dx\words\words\proj.win32\creditslayer.cpp(74): warning C4996: 'cocos2d::CCMenuItemSprite::itemWithNormalSprite': was declared deprecated
                 c:\users\stals\desktop\cocos2d-2.0-x-2.0.4\cocos2dx\menu_nodes\ccmenuitem.h(284) : see declaration of 'cocos2d::CCMenuItemSprite::itemWithNormalSprite'
     1>c:\users\stals\dropbox\programming\bigprojects\c++\workds-workingtitle\words-cocos2dx\words\words\proj.win32\creditslayer.cpp(77): warning C4996: 'cocos2d::CCMenu::menuWithItems': was declared deprecated
                 c:\users\stals\desktop\cocos2d-2.0-x-2.0.4\cocos2dx\menu_nodes\ccmenu.h(80) : see declaration of 'cocos2d::CCMenu::menuWithItems'
       ResourceCompile:
         All outputs are up-to-date.
       ManifestResourceCompile:
         All outputs are up-to-date.
       Link:
         C:\Program Files (x86)\Microsoft Visual Studio 10.0\VC\bin\link.exe /ERRORREPORT:PROMPT /OUT:"C:\Users\Stals\Desktop\cocos2d-2.0-x-2.0.4\Debug.win32\Words.win32.exe" /INCREMENTAL /NOLOGO /LIBPATH:"C:\Users\Stals\Desktop\cocos2d-2.0-x-2.0.4\Debug.win32\\" libcocos2d.lib libExtensions.lib opengl32.lib glew32.lib libCocosDenshion.lib kernel32.lib user32.lib gdi32.lib winspool.lib comdlg32.lib advapi32.lib shell32.lib ole32.lib oleaut32.lib uuid.lib odbc32.lib odbccp32.lib /MANIFEST /ManifestFile:"Debug.win32\Words.win32.exe.intermediate.manifest" /MANIFESTUAC:"level='asInvoker' uiAccess='false'" /DEBUG /PDB:"C:\Users\Stals\Desktop\cocos2d-2.0-x-2.0.4\Debug.win32\Words.win32.pdb" /SUBSYSTEM:WINDOWS /TLBID:1 /DYNAMICBASE /NXCOMPAT /IMPLIB:"C:\Users\Stals\Desktop\cocos2d-2.0-x-2.0.4\Debug.win32\Words.win32.lib" /MACHINE:X86 Debug.win32\Words.res
         Debug.win32\Words.win32.exe.embed.manifest.res
         Debug.win32\sqlite3.obj
         Debug.win32\basic_statement.obj
         Debug.win32\command.obj
         Debug.win32\connection.obj
         Debug.win32\exception.obj
         Debug.win32\manipulator.obj
         Debug.win32\query.obj
         Debug.win32\row.obj
         Debug.win32\transaction.obj
         Debug.win32\util.obj
         Debug.win32\AppDelegate.obj
         Debug.win32\HelloWorldScene.obj
         Debug.win32\creditsLayer.obj
         Debug.win32\db.obj
         Debug.win32\gameLayer.obj
         Debug.win32\gameoverlabel.obj
         Debug.win32\letter.obj
         Debug.win32\main.obj
         Debug.win32\titleLayer.obj
         Debug.win32\word.obj
       Manifest:
         C:\Program Files (x86)\Microsoft SDKs\Windows\v7.0A\bin\mt.exe /nologo /verbose /out:"Debug.win32\Words.win32.exe.embed.manifest" /manifest Debug.win32\Words.win32.exe.intermediate.manifest
         All outputs are up-to-date.
       LinkEmbedManifest:
         All outputs are up-to-date.
         Words.win32.vcxproj -> C:\Users\Stals\Desktop\cocos2d-2.0-x-2.0.4\Debug.win32\Words.win32.exe
       FinalizeBuildStatus:
         Deleting file "Debug.win32\Words.win32.unsuccessfulbuild".
         Touching "Debug.win32\Words.win32.lastbuildstate".
     1>Done Building Project "C:\Users\Stals\Dropbox\Programming\BigProjects\C++\Workds-workingTitle\Words-cocos2dx\Words\Words\proj.win32\Words.win32.vcxproj" (build target(s)).

Build succeeded.

Time Elapsed 00:00:06.20
